# JRE version: Java(TM) SE Runtime Environment (20.0.1+9) (build 20.0.1+9-29)
# Java VM: Java HotSpot(TM) 64-Bit Server VM (20.0.1+9-29, mixed mode, sharing, tiered, compressed oops, compressed class ptrs, g1 gc, windows-amd64)
GC Precious Log:
 CardTable entry size: 512
 Card Set container configuration: InlinePtr #cards 5 size 8 Array Of Cards #cards 12 size 40 Howl #buckets 4 coarsen threshold 1843 Howl Bitmap #cards 512 size 80 coarsen threshold 460 Card regions per heap region 1 cards per card region 2048
 CPUs: 16 total, 16 available
 Memory: 16115M
 Large Page Support: Disabled
 NUMA Support: Disabled
 Compressed Oops: Enabled (32-bit)
 Heap Region Size: 1M
 Heap Min Capacity: 8M
 Heap Initial Capacity: 252M
 Heap Max Capacity: 2G
 Pre-touch: Disabled
 Parallel Workers: 13
 Concurrent Workers: 3
 Concurrent Refinement Workers: 13
 Periodic GC: Disabled
Heap:
 garbage-first heap   total 136192K, used 112509K [0x0000000080000000, 0x0000000100000000)
  region size 1024K, 57 young (58368K), 9 survivors (9216K)
 Metaspace       used 54766K, committed 56512K, reserved 1114112K
  class space    used 7573K, committed 8448K, reserved 1048576K
GC Heap History (18 events):
Event: 0.660 GC heap before
{Heap before GC invocations=0 (full 0):
 garbage-first heap   total 258048K, used 26624K [0x0000000080000000, 0x0000000100000000)
  region size 1024K, 23 young (23552K), 0 survivors (0K)
 Metaspace       used 3283K, committed 3392K, reserved 1114112K
  class space    used 401K, committed 448K, reserved 1048576K
}
Event: 0.663 GC heap after
{Heap after GC invocations=1 (full 0):
 garbage-first heap   total 258048K, used 10708K [0x0000000080000000, 0x0000000100000000)
  region size 1024K, 3 young (3072K), 3 survivors (3072K)
 Metaspace       used 3283K, committed 3392K, reserved 1114112K
  class space    used 401K, committed 448K, reserved 1048576K
}
Event: 0.884 GC heap before
{Heap before GC invocations=1 (full 0):
 garbage-first heap   total 258048K, used 40404K [0x0000000080000000, 0x0000000100000000)
  region size 1024K, 32 young (32768K), 3 survivors (3072K)
 Metaspace       used 4222K, committed 4352K, reserved 1114112K
  class space    used 499K, committed 576K, reserved 1048576K
}
Event: 0.888 GC heap after
{Heap after GC invocations=2 (full 0):
 garbage-first heap   total 258048K, used 15132K [0x0000000080000000, 0x0000000100000000)
  region size 1024K, 4 young (4096K), 4 survivors (4096K)
 Metaspace       used 4222K, committed 4352K, reserved 1114112K
  class space    used 499K, committed 576K, reserved 1048576K
}
Event: 2.244 GC heap before
{Heap before GC invocations=2 (full 0):
 garbage-first heap   total 258048K, used 109340K [0x0000000080000000, 0x0000000100000000)
  region size 1024K, 98 young (100352K), 4 survivors (4096K)
 Metaspace       used 20756K, committed 21504K, reserved 1114112K
  class space    used 3019K, committed 3392K, reserved 1048576K
}
Event: 2.250 GC heap after
{Heap after GC invocations=3 (full 0):
 garbage-first heap   total 258048K, used 23143K [0x0000000080000000, 0x0000000100000000)
  region size 1024K, 12 young (12288K), 12 survivors (12288K)
 Metaspace       used 20756K, committed 21504K, reserved 1114112K
  class space    used 3019K, committed 3392K, reserved 1048576K
}
Event: 2.798 GC heap before
{Heap before GC invocations=4 (full 0):
 garbage-first heap   total 81920K, used 81511K [0x0000000080000000, 0x0000000100000000)
  region size 1024K, 69 young (70656K), 12 survivors (12288K)
 Metaspace       used 28403K, committed 29632K, reserved 1114112K
  class space    used 4264K, committed 4864K, reserved 1048576K
}
Event: 2.803 GC heap after
{Heap after GC invocations=5 (full 0):
 garbage-first heap   total 98304K, used 26310K [0x0000000080000000, 0x0000000100000000)
  region size 1024K, 11 young (11264K), 11 survivors (11264K)
 Metaspace       used 28403K, committed 29632K, reserved 1114112K
  class space    used 4264K, committed 4864K, reserved 1048576K
}
Event: 3.123 GC heap before
{Heap before GC invocations=5 (full 0):
 garbage-first heap   total 98304K, used 73414K [0x0000000080000000, 0x0000000100000000)
  region size 1024K, 57 young (58368K), 11 survivors (11264K)
 Metaspace       used 34269K, committed 35520K, reserved 1114112K
  class space    used 4860K, committed 5504K, reserved 1048576K
}
Event: 3.127 GC heap after
{Heap after GC invocations=6 (full 0):
 garbage-first heap   total 98304K, used 31377K [0x0000000080000000, 0x0000000100000000)
  region size 1024K, 8 young (8192K), 8 survivors (8192K)
 Metaspace       used 34269K, committed 35520K, reserved 1114112K
  class space    used 4860K, committed 5504K, reserved 1048576K
}
Event: 3.176 GC heap before
{Heap before GC invocations=6 (full 0):
 garbage-first heap   total 98304K, used 35473K [0x0000000080000000, 0x0000000100000000)
  region size 1024K, 13 young (13312K), 8 survivors (8192K)
 Metaspace       used 34772K, committed 35968K, reserved 1114112K
  class space    used 4927K, committed 5568K, reserved 1048576K
}
Event: 3.178 GC heap after
{Heap after GC invocations=7 (full 0):
 garbage-first heap   total 98304K, used 32092K [0x0000000080000000, 0x0000000100000000)
  region size 1024K, 2 young (2048K), 2 survivors (2048K)
 Metaspace       used 34772K, committed 35968K, reserved 1114112K
  class space    used 4927K, committed 5568K, reserved 1048576K
}
Event: 3.582 GC heap before
{Heap before GC invocations=8 (full 0):
 garbage-first heap   total 98304K, used 88412K [0x0000000080000000, 0x0000000100000000)
  region size 1024K, 51 young (52224K), 2 survivors (2048K)
 Metaspace       used 40663K, committed 42112K, reserved 1114112K
  class space    used 5693K, committed 6400K, reserved 1048576K
}
Event: 3.584 GC heap after
{Heap after GC invocations=9 (full 0):
 garbage-first heap   total 118784K, used 34665K [0x0000000080000000, 0x0000000100000000)
  region size 1024K, 5 young (5120K), 5 survivors (5120K)
 Metaspace       used 40663K, committed 42112K, reserved 1114112K
  class space    used 5693K, committed 6400K, reserved 1048576K
}
Event: 4.301 GC heap before
{Heap before GC invocations=9 (full 0):
 garbage-first heap   total 118784K, used 100201K [0x0000000080000000, 0x0000000100000000)
  region size 1024K, 69 young (70656K), 5 survivors (5120K)
 Metaspace       used 47265K, committed 48960K, reserved 1114112K
  class space    used 6699K, committed 7552K, reserved 1048576K
}
Event: 4.306 GC heap after
{Heap after GC invocations=10 (full 0):
 garbage-first heap   total 118784K, used 39239K [0x0000000080000000, 0x0000000100000000)
  region size 1024K, 9 young (9216K), 9 survivors (9216K)
 Metaspace       used 47265K, committed 48960K, reserved 1114112K
  class space    used 6699K, committed 7552K, reserved 1048576K
}
Event: 5.134 GC heap before
{Heap before GC invocations=10 (full 0):
 garbage-first heap   total 118784K, used 113991K [0x0000000080000000, 0x0000000100000000)
  region size 1024K, 69 young (70656K), 9 survivors (9216K)
 Metaspace       used 50021K, committed 51840K, reserved 1114112K
  class space    used 7019K, committed 7936K, reserved 1048576K
}
Event: 5.155 GC heap after
{Heap after GC invocations=11 (full 0):
 garbage-first heap   total 136192K, used 64381K [0x0000000080000000, 0x0000000100000000)
  region size 1024K, 9 young (9216K), 9 survivors (9216K)
 Metaspace       used 50021K, committed 51840K, reserved 1114112K
  class space    used 7019K, committed 7936K, reserved 1048576K
}

